This mapping 'snapshot_20171003' was designed for MC 1.12! Use at your own peril.This mapping 'snapshot_20171003' was designed for MC 1.12! Use at your own peril.

:deobfCompileDummyTask
:deobfProvidedDummyTask
:getVersionJson
:extractUserdev UP-TO-DATE
:extractDependencyATs SKIPPED
:extractMcpData SKIPPED
:extractMcpMappings
:genSrgs SKIPPED
:downloadClient SKIPPED
:downloadServer SKIPPED
:splitServerJar SKIPPED
:mergeJars SKIPPED
:deobfMcSRG SKIPPED
:decompileMc SKIPPED
:fixMcSources SKIPPED
:applySourcePatches SKIPPED
:remapMcSources SKIPPED
:recompileMc SKIPPED
:extractNatives SKIPPED
:getAssetIndex UP-TO-DATE
:getAssets
Current status: 1027/1283   80%
:makeStart SKIPPED
:setupDecompWorkspace

BUILD SUCCESSFUL

Total time: 21.556 secs
