[21:24:25] [main/INFO]: Setting user: Player721
[21:24:30] [main/WARN]: Skipping bad option: lastServer:
[21:24:30] [main/INFO]: LWJGL Version: 2.9.4
[21:24:35] [main/INFO]: Reloading ResourceManager: Default, FMLFileResourcePack:Forge Mod Loader, FMLFileResourcePack:Minecraft Forge, FMLFileResourcePack:Fishbowl, FMLFileResourcePack:CodeChicken Lib, FMLFileResourcePack:Just Enough Items, FMLFileResourcePack:Not Enough Items
[21:24:40] [Sound Library Loader/INFO]: Starting up SoundSystem...
[21:24:41] [Thread-5/INFO]: Initializing LWJGL OpenAL
[21:24:41] [Thread-5/INFO]: (The LWJGL binding of OpenAL.  For more information, see http://www.lwjgl.org)
[21:24:41] [Thread-5/INFO]: OpenAL initialized.
[21:24:41] [Sound Library Loader/INFO]: Sound engine started
[21:24:48] [main/INFO]: Created: 512x512 textures-atlas
[21:24:52] [main/WARN]: Skipping bad option: lastServer:
[21:24:52] [main/INFO]: Narrator library for x64 successfully loaded
[21:24:53] [Realms Notification Availability checker #1/INFO]: Could not authorize you against Realms server: Invalid session id
[21:25:29] [Server thread/INFO]: Starting integrated minecraft server version 1.12.2
[21:25:29] [Server thread/INFO]: Generating keypair
[21:25:30] [Server thread/INFO]: Loaded 488 advancements
[21:25:30] [Server thread/INFO]: Preparing start region for level 0
[21:25:31] [Server thread/INFO]: Preparing spawn area: 42%
[21:25:32] [Server thread/INFO]: Preparing spawn area: 50%
[21:25:33] [Server thread/INFO]: Changing view distance to 12, from 10
[21:25:35] [Server thread/INFO]: Player721[local:E:d8d88564] logged in with entity id 347 at (-99.47583525346839, 67.0, 28.339131964503984)
[21:25:35] [Server thread/INFO]: Player721 joined the game
[21:25:35] [Server thread/INFO]: Saving and pausing game...
[21:25:37] [Server thread/INFO]: Saving chunks for level 'New World'/overworld
[21:25:37] [Server thread/INFO]: Saving chunks for level 'New World'/the_nether
[21:25:37] [Server thread/INFO]: Saving chunks for level 'New World'/the_end
[21:25:37] [main/WARN]: Received passengers for unknown entity
[21:25:42] [pool-2-thread-1/WARN]: Couldn't look up profile properties for com.mojang.authlib.GameProfile@1a15ffa7[id=7fc02cf2-da5a-351c-a700-aaa88bd6d88d,name=Player721,properties={},legacy=false]
com.mojang.authlib.exceptions.AuthenticationException: The client has sent too many requests within a certain amount of time
	at com.mojang.authlib.yggdrasil.YggdrasilAuthenticationService.makeRequest(YggdrasilAuthenticationService.java:79) ~[YggdrasilAuthenticationService.class:?]
	at com.mojang.authlib.yggdrasil.YggdrasilMinecraftSessionService.fillGameProfile(YggdrasilMinecraftSessionService.java:180) [YggdrasilMinecraftSessionService.class:?]
	at com.mojang.authlib.yggdrasil.YggdrasilMinecraftSessionService$1.load(YggdrasilMinecraftSessionService.java:60) [YggdrasilMinecraftSessionService$1.class:?]
	at com.mojang.authlib.yggdrasil.YggdrasilMinecraftSessionService$1.load(YggdrasilMinecraftSessionService.java:57) [YggdrasilMinecraftSessionService$1.class:?]
	at com.google.common.cache.LocalCache$LoadingValueReference.loadFuture(LocalCache.java:3716) [guava-21.0.jar:?]
	at com.google.common.cache.LocalCache$Segment.loadSync(LocalCache.java:2424) [guava-21.0.jar:?]
	at com.google.common.cache.LocalCache$Segment.lockedGetOrLoad(LocalCache.java:2298) [guava-21.0.jar:?]
	at com.google.common.cache.LocalCache$Segment.get(LocalCache.java:2211) [guava-21.0.jar:?]
	at com.google.common.cache.LocalCache.get(LocalCache.java:4154) [guava-21.0.jar:?]
	at com.google.common.cache.LocalCache.getOrLoad(LocalCache.java:4158) [guava-21.0.jar:?]
	at com.google.common.cache.LocalCache$LocalLoadingCache.get(LocalCache.java:5147) [guava-21.0.jar:?]
	at com.google.common.cache.LocalCache$LocalLoadingCache.getUnchecked(LocalCache.java:5153) [guava-21.0.jar:?]
	at com.mojang.authlib.yggdrasil.YggdrasilMinecraftSessionService.fillProfileProperties(YggdrasilMinecraftSessionService.java:170) [YggdrasilMinecraftSessionService.class:?]
	at net.minecraft.client.Minecraft.getProfileProperties(Minecraft.java:3188) [Minecraft.class:?]
	at net.minecraft.client.resources.SkinManager$3.run(SkinManager.java:138) [SkinManager$3.class:?]
	at java.util.concurrent.Executors$RunnableAdapter.call(Executors.java:511) [?:1.8.0_102]
	at java.util.concurrent.FutureTask.run(FutureTask.java:266) [?:1.8.0_102]
	at java.util.concurrent.ThreadPoolExecutor.runWorker(ThreadPoolExecutor.java:1142) [?:1.8.0_102]
	at java.util.concurrent.ThreadPoolExecutor$Worker.run(ThreadPoolExecutor.java:617) [?:1.8.0_102]
	at java.lang.Thread.run(Thread.java:745) [?:1.8.0_102]
[21:25:44] [Server thread/INFO]: Player721 fell out of the world
[21:25:44] [main/INFO]: [CHAT] Player721 fell out of the world
[21:25:46] [main/WARN]: Received passengers for unknown entity
[21:26:05] [Server thread/INFO]: Saving and pausing game...
[21:26:05] [Server thread/INFO]: Saving chunks for level 'New World'/overworld
[21:26:05] [Server thread/INFO]: Saving chunks for level 'New World'/the_nether
[21:26:05] [Server thread/INFO]: Saving chunks for level 'New World'/the_end
[21:26:21] [Server thread/INFO]: Saving and pausing game...
[21:26:21] [Server thread/INFO]: Saving chunks for level 'New World'/overworld
[21:26:21] [Server thread/INFO]: Saving chunks for level 'New World'/the_nether
[21:26:21] [Server thread/INFO]: Saving chunks for level 'New World'/the_end
[21:26:40] [Server thread/INFO]: Player721 fell out of the world
[21:26:40] [main/INFO]: [CHAT] Player721 fell out of the world
[21:26:42] [main/WARN]: Received passengers for unknown entity
[21:26:43] [Server thread/INFO]: Player721 fell out of the world
[21:26:43] [main/INFO]: [CHAT] Player721 fell out of the world
[21:26:45] [main/WARN]: Received passengers for unknown entity
[21:26:47] [Server thread/INFO]: Saving and pausing game...
[21:26:47] [Server thread/INFO]: Saving chunks for level 'New World'/overworld
[21:26:47] [Server thread/INFO]: Saving chunks for level 'New World'/the_nether
[21:26:47] [Server thread/INFO]: Saving chunks for level 'New World'/the_end
[21:26:48] [Server thread/INFO]: Stopping server
[21:26:48] [Server thread/INFO]: Saving players
[21:26:48] [Server thread/INFO]: Player721 lost connection: Disconnected
[21:26:48] [Server thread/INFO]: Player721 left the game
[21:26:48] [Server thread/INFO]: Stopping singleplayer server as player logged out
[21:26:48] [Server thread/INFO]: Saving worlds
[21:26:48] [Server thread/INFO]: Saving chunks for level 'New World'/overworld
[21:26:48] [Server thread/INFO]: Saving chunks for level 'New World'/the_nether
[21:26:48] [Server thread/INFO]: Saving chunks for level 'New World'/the_end
[21:26:50] [main/INFO]: Stopping!
[21:26:50] [main/INFO]: SoundSystem shutting down...
[21:26:50] [main/WARN]: Author: Paul Lamb, www.paulscode.com
